CRITICAL - 2023-11-03 00:02:15 --> Undefined variable $roles
#0 C:\xampp\htdocs\Pengaduan\app\Views\auth\register.php(39): CodeIgniter\Debug\Exceptions->errorHandler(2, 'Undefined varia...', 'C:\\xampp\\htdocs...', 39)
#1 C:\xampp\htdocs\Pengaduan\vendor\codeigniter4\framework\system\View\View.php(230): include('C:\\xampp\\htdocs...')
#2 C:\xampp\htdocs\Pengaduan\vendor\codeigniter4\framework\system\View\View.php(232): CodeIgniter\View\View->CodeIgniter\View\{closure}()
#3 C:\xampp\htdocs\Pengaduan\vendor\codeigniter4\framework\system\Common.php(1250): CodeIgniter\View\View->render('auth/register', Array, true)
#4 C:\xampp\htdocs\Pengaduan\app\Controllers\Auth.php(113): view('auth/register', Array)
#5 C:\xampp\htdocs\Pengaduan\vendor\codeigniter4\framework\system\CodeIgniter.php(931): App\Controllers\Auth->register()
#6 C:\xampp\htdocs\Pengaduan\vendor\codeigniter4\framework\system\CodeIgniter.php(439): CodeIgniter\CodeIgniter->runController(Object(App\Controllers\Auth))
#7 C:\xampp\htdocs\Pengaduan\vendor\codeigniter4\framework\system\CodeIgniter.php(339): CodeIgniter\CodeIgniter->handleRequest(NULL, Object(Config\Cache), false)
#8 C:\xampp\htdocs\Pengaduan\public\index.php(44): CodeIgniter\CodeIgniter->run()
#9 C:\xampp\htdocs\Pengaduan\vendor\codeigniter4\framework\system\Commands\Server\rewrite.php(45): require_once('C:\\xampp\\htdocs...')
#10 {main}
CRITICAL - 2023-11-03 04:28:21 --> Undefined variable $data
#0 C:\xampp\htdocs\Pengaduan\app\Controllers\Admin\ManageUser.php(78): CodeIgniter\Debug\Exceptions->errorHandler(2, 'Undefined varia...', 'C:\\xampp\\htdocs...', 78)
#1 C:\xampp\htdocs\Pengaduan\vendor\codeigniter4\framework\system\CodeIgniter.php(931): App\Controllers\Admin\ManageUser->detail('masyarakat4')
#2 C:\xampp\htdocs\Pengaduan\vendor\codeigniter4\framework\system\CodeIgniter.php(439): CodeIgniter\CodeIgniter->runController(Object(App\Controllers\Admin\ManageUser))
#3 C:\xampp\htdocs\Pengaduan\vendor\codeigniter4\framework\system\CodeIgniter.php(339): CodeIgniter\CodeIgniter->handleRequest(NULL, Object(Config\Cache), false)
#4 C:\xampp\htdocs\Pengaduan\public\index.php(44): CodeIgniter\CodeIgniter->run()
#5 C:\xampp\htdocs\Pengaduan\vendor\codeigniter4\framework\system\Commands\Server\rewrite.php(45): require_once('C:\\xampp\\htdocs...')
#6 {main}
CRITICAL - 2023-11-03 04:47:46 --> Undefined array key "id_lokasi"
#0 C:\xampp\htdocs\Pengaduan\app\Views\user\pengaduan\tambah_pengaduan.php(69): CodeIgniter\Debug\Exceptions->errorHandler(2, 'Undefined array...', 'C:\\xampp\\htdocs...', 69)
#1 C:\xampp\htdocs\Pengaduan\vendor\codeigniter4\framework\system\View\View.php(230): include('C:\\xampp\\htdocs...')
#2 C:\xampp\htdocs\Pengaduan\vendor\codeigniter4\framework\system\View\View.php(232): CodeIgniter\View\View->CodeIgniter\View\{closure}()
#3 C:\xampp\htdocs\Pengaduan\vendor\codeigniter4\framework\system\Common.php(1250): CodeIgniter\View\View->render('user/pengaduan/...', Array, true)
#4 C:\xampp\htdocs\Pengaduan\app\Controllers\Pengaduan.php(70): view('user/pengaduan/...', Array)
#5 C:\xampp\htdocs\Pengaduan\vendor\codeigniter4\framework\system\CodeIgniter.php(931): App\Controllers\Pengaduan->tambah()
#6 C:\xampp\htdocs\Pengaduan\vendor\codeigniter4\framework\system\CodeIgniter.php(439): CodeIgniter\CodeIgniter->runController(Object(App\Controllers\Pengaduan))
#7 C:\xampp\htdocs\Pengaduan\vendor\codeigniter4\framework\system\CodeIgniter.php(339): CodeIgniter\CodeIgniter->handleRequest(NULL, Object(Config\Cache), false)
#8 C:\xampp\htdocs\Pengaduan\public\index.php(44): CodeIgniter\CodeIgniter->run()
#9 C:\xampp\htdocs\Pengaduan\vendor\codeigniter4\framework\system\Commands\Server\rewrite.php(45): require_once('C:\\xampp\\htdocs...')
#10 {main}
CRITICAL - 2023-11-03 07:32:13 --> Undefined array key "id"
#0 C:\xampp\htdocs\Pengaduan\app\Views\user\pengaduan\index.php(68): CodeIgniter\Debug\Exceptions->errorHandler(2, 'Undefined array...', 'C:\\xampp\\htdocs...', 68)
#1 C:\xampp\htdocs\Pengaduan\vendor\codeigniter4\framework\system\View\View.php(230): include('C:\\xampp\\htdocs...')
#2 C:\xampp\htdocs\Pengaduan\vendor\codeigniter4\framework\system\View\View.php(232): CodeIgniter\View\View->CodeIgniter\View\{closure}()
#3 C:\xampp\htdocs\Pengaduan\vendor\codeigniter4\framework\system\Common.php(1250): CodeIgniter\View\View->render('user/pengaduan/...', Array, true)
#4 C:\xampp\htdocs\Pengaduan\app\Controllers\Pengaduan.php(28): view('user/pengaduan/...', Array)
#5 C:\xampp\htdocs\Pengaduan\vendor\codeigniter4\framework\system\CodeIgniter.php(931): App\Controllers\Pengaduan->index()
#6 C:\xampp\htdocs\Pengaduan\vendor\codeigniter4\framework\system\CodeIgniter.php(439): CodeIgniter\CodeIgniter->runController(Object(App\Controllers\Pengaduan))
#7 C:\xampp\htdocs\Pengaduan\vendor\codeigniter4\framework\system\CodeIgniter.php(339): CodeIgniter\CodeIgniter->handleRequest(NULL, Object(Config\Cache), false)
#8 C:\xampp\htdocs\Pengaduan\public\index.php(44): CodeIgniter\CodeIgniter->run()
#9 C:\xampp\htdocs\Pengaduan\vendor\codeigniter4\framework\system\Commands\Server\rewrite.php(45): require_once('C:\\xampp\\htdocs...')
#10 {main}
CRITICAL - 2023-11-03 10:00:23 --> Call to undefined function from_close()
#0 C:\xampp\htdocs\Pengaduan\vendor\codeigniter4\framework\system\View\View.php(230): include()
#1 C:\xampp\htdocs\Pengaduan\vendor\codeigniter4\framework\system\View\View.php(232): CodeIgniter\View\View->CodeIgniter\View\{closure}()
#2 C:\xampp\htdocs\Pengaduan\vendor\codeigniter4\framework\system\Common.php(1250): CodeIgniter\View\View->render('user/pengaduan/...', Array, true)
#3 C:\xampp\htdocs\Pengaduan\app\Controllers\Pengaduan.php(28): view('user/pengaduan/...', Array)
#4 C:\xampp\htdocs\Pengaduan\vendor\codeigniter4\framework\system\CodeIgniter.php(931): App\Controllers\Pengaduan->index()
#5 C:\xampp\htdocs\Pengaduan\vendor\codeigniter4\framework\system\CodeIgniter.php(439): CodeIgniter\CodeIgniter->runController(Object(App\Controllers\Pengaduan))
#6 C:\xampp\htdocs\Pengaduan\vendor\codeigniter4\framework\system\CodeIgniter.php(339): CodeIgniter\CodeIgniter->handleRequest(NULL, Object(Config\Cache), false)
#7 C:\xampp\htdocs\Pengaduan\public\index.php(44): CodeIgniter\CodeIgniter->run()
#8 C:\xampp\htdocs\Pengaduan\vendor\codeigniter4\framework\system\Commands\Server\rewrite.php(45): require_once('C:\\xampp\\htdocs...')
#9 {main}
CRITICAL - 2023-11-03 10:05:59 --> Too few arguments to function App\Controllers\Pengaduan::soft_delete(), 0 passed in C:\xampp\htdocs\Pengaduan\vendor\codeigniter4\framework\system\CodeIgniter.php on line 931 and exactly 1 expected
#0 C:\xampp\htdocs\Pengaduan\vendor\codeigniter4\framework\system\CodeIgniter.php(931): App\Controllers\Pengaduan->soft_delete()
#1 C:\xampp\htdocs\Pengaduan\vendor\codeigniter4\framework\system\CodeIgniter.php(439): CodeIgniter\CodeIgniter->runController(Object(App\Controllers\Pengaduan))
#2 C:\xampp\htdocs\Pengaduan\vendor\codeigniter4\framework\system\CodeIgniter.php(339): CodeIgniter\CodeIgniter->handleRequest(NULL, Object(Config\Cache), false)
#3 C:\xampp\htdocs\Pengaduan\public\index.php(44): CodeIgniter\CodeIgniter->run()
#4 C:\xampp\htdocs\Pengaduan\vendor\codeigniter4\framework\system\Commands\Server\rewrite.php(45): require_once('C:\\xampp\\htdocs...')
#5 {main}
CRITICAL - 2023-11-03 11:07:50 --> Too few arguments to function App\Controllers\Pengaduan::soft_delete(), 0 passed in C:\xampp\htdocs\Pengaduan\vendor\codeigniter4\framework\system\CodeIgniter.php on line 931 and exactly 1 expected
#0 C:\xampp\htdocs\Pengaduan\vendor\codeigniter4\framework\system\CodeIgniter.php(931): App\Controllers\Pengaduan->soft_delete()
#1 C:\xampp\htdocs\Pengaduan\vendor\codeigniter4\framework\system\CodeIgniter.php(439): CodeIgniter\CodeIgniter->runController(Object(App\Controllers\Pengaduan))
#2 C:\xampp\htdocs\Pengaduan\vendor\codeigniter4\framework\system\CodeIgniter.php(339): CodeIgniter\CodeIgniter->handleRequest(NULL, Object(Config\Cache), false)
#3 C:\xampp\htdocs\Pengaduan\public\index.php(44): CodeIgniter\CodeIgniter->run()
#4 C:\xampp\htdocs\Pengaduan\vendor\codeigniter4\framework\system\Commands\Server\rewrite.php(45): require_once('C:\\xampp\\htdocs...')
#5 {main}
CRITICAL - 2023-11-03 11:12:34 --> Too few arguments to function App\Controllers\Pengaduan::soft_delete(), 0 passed in C:\xampp\htdocs\Pengaduan\vendor\codeigniter4\framework\system\CodeIgniter.php on line 931 and exactly 1 expected
#0 C:\xampp\htdocs\Pengaduan\vendor\codeigniter4\framework\system\CodeIgniter.php(931): App\Controllers\Pengaduan->soft_delete()
#1 C:\xampp\htdocs\Pengaduan\vendor\codeigniter4\framework\system\CodeIgniter.php(439): CodeIgniter\CodeIgniter->runController(Object(App\Controllers\Pengaduan))
#2 C:\xampp\htdocs\Pengaduan\vendor\codeigniter4\framework\system\CodeIgniter.php(339): CodeIgniter\CodeIgniter->handleRequest(NULL, Object(Config\Cache), false)
#3 C:\xampp\htdocs\Pengaduan\public\index.php(44): CodeIgniter\CodeIgniter->run()
#4 C:\xampp\htdocs\Pengaduan\vendor\codeigniter4\framework\system\Commands\Server\rewrite.php(45): require_once('C:\\xampp\\htdocs...')
#5 {main}
CRITICAL - 2023-11-03 11:35:55 --> Too few arguments to function App\Controllers\Pengaduan::soft_delete(), 0 passed in C:\xampp\htdocs\Pengaduan\vendor\codeigniter4\framework\system\CodeIgniter.php on line 931 and exactly 1 expected
#0 C:\xampp\htdocs\Pengaduan\vendor\codeigniter4\framework\system\CodeIgniter.php(931): App\Controllers\Pengaduan->soft_delete()
#1 C:\xampp\htdocs\Pengaduan\vendor\codeigniter4\framework\system\CodeIgniter.php(439): CodeIgniter\CodeIgniter->runController(Object(App\Controllers\Pengaduan))
#2 C:\xampp\htdocs\Pengaduan\vendor\codeigniter4\framework\system\CodeIgniter.php(339): CodeIgniter\CodeIgniter->handleRequest(NULL, Object(Config\Cache), false)
#3 C:\xampp\htdocs\Pengaduan\public\index.php(44): CodeIgniter\CodeIgniter->run()
#4 C:\xampp\htdocs\Pengaduan\vendor\codeigniter4\framework\system\Commands\Server\rewrite.php(45): require_once('C:\\xampp\\htdocs...')
#5 {main}
CRITICAL - 2023-11-03 11:39:17 --> Too few arguments to function App\Controllers\Pengaduan::soft_delete(), 0 passed in C:\xampp\htdocs\Pengaduan\vendor\codeigniter4\framework\system\CodeIgniter.php on line 931 and exactly 1 expected
#0 C:\xampp\htdocs\Pengaduan\vendor\codeigniter4\framework\system\CodeIgniter.php(931): App\Controllers\Pengaduan->soft_delete()
#1 C:\xampp\htdocs\Pengaduan\vendor\codeigniter4\framework\system\CodeIgniter.php(439): CodeIgniter\CodeIgniter->runController(Object(App\Controllers\Pengaduan))
#2 C:\xampp\htdocs\Pengaduan\vendor\codeigniter4\framework\system\CodeIgniter.php(339): CodeIgniter\CodeIgniter->handleRequest(NULL, Object(Config\Cache), false)
#3 C:\xampp\htdocs\Pengaduan\public\index.php(44): CodeIgniter\CodeIgniter->run()
#4 C:\xampp\htdocs\Pengaduan\vendor\codeigniter4\framework\system\Commands\Server\rewrite.php(45): require_once('C:\\xampp\\htdocs...')
#5 {main}
CRITICAL - 2023-11-03 11:46:08 --> Too few arguments to function App\Controllers\Pengaduan::soft_delete(), 0 passed in C:\xampp\htdocs\Pengaduan\vendor\codeigniter4\framework\system\CodeIgniter.php on line 931 and exactly 1 expected
#0 C:\xampp\htdocs\Pengaduan\vendor\codeigniter4\framework\system\CodeIgniter.php(931): App\Controllers\Pengaduan->soft_delete()
#1 C:\xampp\htdocs\Pengaduan\vendor\codeigniter4\framework\system\CodeIgniter.php(439): CodeIgniter\CodeIgniter->runController(Object(App\Controllers\Pengaduan))
#2 C:\xampp\htdocs\Pengaduan\vendor\codeigniter4\framework\system\CodeIgniter.php(339): CodeIgniter\CodeIgniter->handleRequest(NULL, Object(Config\Cache), false)
#3 C:\xampp\htdocs\Pengaduan\public\index.php(44): CodeIgniter\CodeIgniter->run()
#4 C:\xampp\htdocs\Pengaduan\vendor\codeigniter4\framework\system\Commands\Server\rewrite.php(45): require_once('C:\\xampp\\htdocs...')
#5 {main}
CRITICAL - 2023-11-03 12:08:22 --> Class "App\Controllers\PenggunaModel" not found
#0 C:\xampp\htdocs\Pengaduan\vendor\codeigniter4\framework\system\CodeIgniter.php(931): App\Controllers\Pengaduan->hapus('53')
#1 C:\xampp\htdocs\Pengaduan\vendor\codeigniter4\framework\system\CodeIgniter.php(439): CodeIgniter\CodeIgniter->runController(Object(App\Controllers\Pengaduan))
#2 C:\xampp\htdocs\Pengaduan\vendor\codeigniter4\framework\system\CodeIgniter.php(339): CodeIgniter\CodeIgniter->handleRequest(NULL, Object(Config\Cache), false)
#3 C:\xampp\htdocs\Pengaduan\public\index.php(44): CodeIgniter\CodeIgniter->run()
#4 C:\xampp\htdocs\Pengaduan\vendor\codeigniter4\framework\system\Commands\Server\rewrite.php(45): require_once('C:\\xampp\\htdocs...')
#5 {main}
CRITICAL - 2023-11-03 12:16:39 --> Undefined variable $row
#0 C:\xampp\htdocs\Pengaduan\app\Views\user\pengaduan\index.php(93): CodeIgniter\Debug\Exceptions->errorHandler(2, 'Undefined varia...', 'C:\\xampp\\htdocs...', 93)
#1 C:\xampp\htdocs\Pengaduan\vendor\codeigniter4\framework\system\View\View.php(230): include('C:\\xampp\\htdocs...')
#2 C:\xampp\htdocs\Pengaduan\vendor\codeigniter4\framework\system\View\View.php(232): CodeIgniter\View\View->CodeIgniter\View\{closure}()
#3 C:\xampp\htdocs\Pengaduan\vendor\codeigniter4\framework\system\Common.php(1250): CodeIgniter\View\View->render('user/pengaduan/...', Array, true)
#4 C:\xampp\htdocs\Pengaduan\app\Controllers\Pengaduan.php(28): view('user/pengaduan/...', Array)
#5 C:\xampp\htdocs\Pengaduan\vendor\codeigniter4\framework\system\CodeIgniter.php(931): App\Controllers\Pengaduan->index()
#6 C:\xampp\htdocs\Pengaduan\vendor\codeigniter4\framework\system\CodeIgniter.php(439): CodeIgniter\CodeIgniter->runController(Object(App\Controllers\Pengaduan))
#7 C:\xampp\htdocs\Pengaduan\vendor\codeigniter4\framework\system\CodeIgniter.php(339): CodeIgniter\CodeIgniter->handleRequest(NULL, Object(Config\Cache), false)
#8 C:\xampp\htdocs\Pengaduan\public\index.php(44): CodeIgniter\CodeIgniter->run()
#9 C:\xampp\htdocs\Pengaduan\vendor\codeigniter4\framework\system\Commands\Server\rewrite.php(45): require_once('C:\\xampp\\htdocs...')
#10 {main}
CRITICAL - 2023-11-03 12:17:31 --> Undefined variable $row
#0 C:\xampp\htdocs\Pengaduan\app\Views\user\pengaduan\index.php(93): CodeIgniter\Debug\Exceptions->errorHandler(2, 'Undefined varia...', 'C:\\xampp\\htdocs...', 93)
#1 C:\xampp\htdocs\Pengaduan\vendor\codeigniter4\framework\system\View\View.php(230): include('C:\\xampp\\htdocs...')
#2 C:\xampp\htdocs\Pengaduan\vendor\codeigniter4\framework\system\View\View.php(232): CodeIgniter\View\View->CodeIgniter\View\{closure}()
#3 C:\xampp\htdocs\Pengaduan\vendor\codeigniter4\framework\system\Common.php(1250): CodeIgniter\View\View->render('user/pengaduan/...', Array, true)
#4 C:\xampp\htdocs\Pengaduan\app\Controllers\Pengaduan.php(28): view('user/pengaduan/...', Array)
#5 C:\xampp\htdocs\Pengaduan\vendor\codeigniter4\framework\system\CodeIgniter.php(931): App\Controllers\Pengaduan->index()
#6 C:\xampp\htdocs\Pengaduan\vendor\codeigniter4\framework\system\CodeIgniter.php(439): CodeIgniter\CodeIgniter->runController(Object(App\Controllers\Pengaduan))
#7 C:\xampp\htdocs\Pengaduan\vendor\codeigniter4\framework\system\CodeIgniter.php(339): CodeIgniter\CodeIgniter->handleRequest(NULL, Object(Config\Cache), false)
#8 C:\xampp\htdocs\Pengaduan\public\index.php(44): CodeIgniter\CodeIgniter->run()
#9 C:\xampp\htdocs\Pengaduan\vendor\codeigniter4\framework\system\Commands\Server\rewrite.php(45): require_once('C:\\xampp\\htdocs...')
#10 {main}
CRITICAL - 2023-11-03 12:20:56 --> Undefined variable $row
#0 C:\xampp\htdocs\Pengaduan\app\Views\user\pengaduan\index.php(93): CodeIgniter\Debug\Exceptions->errorHandler(2, 'Undefined varia...', 'C:\\xampp\\htdocs...', 93)
#1 C:\xampp\htdocs\Pengaduan\vendor\codeigniter4\framework\system\View\View.php(230): include('C:\\xampp\\htdocs...')
#2 C:\xampp\htdocs\Pengaduan\vendor\codeigniter4\framework\system\View\View.php(232): CodeIgniter\View\View->CodeIgniter\View\{closure}()
#3 C:\xampp\htdocs\Pengaduan\vendor\codeigniter4\framework\system\Common.php(1250): CodeIgniter\View\View->render('user/pengaduan/...', Array, true)
#4 C:\xampp\htdocs\Pengaduan\app\Controllers\Pengaduan.php(28): view('user/pengaduan/...', Array)
#5 C:\xampp\htdocs\Pengaduan\vendor\codeigniter4\framework\system\CodeIgniter.php(931): App\Controllers\Pengaduan->index()
#6 C:\xampp\htdocs\Pengaduan\vendor\codeigniter4\framework\system\CodeIgniter.php(439): CodeIgniter\CodeIgniter->runController(Object(App\Controllers\Pengaduan))
#7 C:\xampp\htdocs\Pengaduan\vendor\codeigniter4\framework\system\CodeIgniter.php(339): CodeIgniter\CodeIgniter->handleRequest(NULL, Object(Config\Cache), false)
#8 C:\xampp\htdocs\Pengaduan\public\index.php(44): CodeIgniter\CodeIgniter->run()
#9 C:\xampp\htdocs\Pengaduan\vendor\codeigniter4\framework\system\Commands\Server\rewrite.php(45): require_once('C:\\xampp\\htdocs...')
#10 {main}
CRITICAL - 2023-11-03 12:23:29 --> Undefined variable $row
#0 C:\xampp\htdocs\Pengaduan\app\Views\user\pengaduan\index.php(93): CodeIgniter\Debug\Exceptions->errorHandler(2, 'Undefined varia...', 'C:\\xampp\\htdocs...', 93)
#1 C:\xampp\htdocs\Pengaduan\vendor\codeigniter4\framework\system\View\View.php(230): include('C:\\xampp\\htdocs...')
#2 C:\xampp\htdocs\Pengaduan\vendor\codeigniter4\framework\system\View\View.php(232): CodeIgniter\View\View->CodeIgniter\View\{closure}()
#3 C:\xampp\htdocs\Pengaduan\vendor\codeigniter4\framework\system\Common.php(1250): CodeIgniter\View\View->render('user/pengaduan/...', Array, true)
#4 C:\xampp\htdocs\Pengaduan\app\Controllers\Pengaduan.php(28): view('user/pengaduan/...', Array)
#5 C:\xampp\htdocs\Pengaduan\vendor\codeigniter4\framework\system\CodeIgniter.php(931): App\Controllers\Pengaduan->index()
#6 C:\xampp\htdocs\Pengaduan\vendor\codeigniter4\framework\system\CodeIgniter.php(439): CodeIgniter\CodeIgniter->runController(Object(App\Controllers\Pengaduan))
#7 C:\xampp\htdocs\Pengaduan\vendor\codeigniter4\framework\system\CodeIgniter.php(339): CodeIgniter\CodeIgniter->handleRequest(NULL, Object(Config\Cache), false)
#8 C:\xampp\htdocs\Pengaduan\public\index.php(44): CodeIgniter\CodeIgniter->run()
#9 C:\xampp\htdocs\Pengaduan\vendor\codeigniter4\framework\system\Commands\Server\rewrite.php(45): require_once('C:\\xampp\\htdocs...')
#10 {main}
CRITICAL - 2023-11-03 12:23:34 --> Undefined variable $row
#0 C:\xampp\htdocs\Pengaduan\app\Views\user\pengaduan\index.php(93): CodeIgniter\Debug\Exceptions->errorHandler(2, 'Undefined varia...', 'C:\\xampp\\htdocs...', 93)
#1 C:\xampp\htdocs\Pengaduan\vendor\codeigniter4\framework\system\View\View.php(230): include('C:\\xampp\\htdocs...')
#2 C:\xampp\htdocs\Pengaduan\vendor\codeigniter4\framework\system\View\View.php(232): CodeIgniter\View\View->CodeIgniter\View\{closure}()
#3 C:\xampp\htdocs\Pengaduan\vendor\codeigniter4\framework\system\Common.php(1250): CodeIgniter\View\View->render('user/pengaduan/...', Array, true)
#4 C:\xampp\htdocs\Pengaduan\app\Controllers\Pengaduan.php(28): view('user/pengaduan/...', Array)
#5 C:\xampp\htdocs\Pengaduan\vendor\codeigniter4\framework\system\CodeIgniter.php(931): App\Controllers\Pengaduan->index()
#6 C:\xampp\htdocs\Pengaduan\vendor\codeigniter4\framework\system\CodeIgniter.php(439): CodeIgniter\CodeIgniter->runController(Object(App\Controllers\Pengaduan))
#7 C:\xampp\htdocs\Pengaduan\vendor\codeigniter4\framework\system\CodeIgniter.php(339): CodeIgniter\CodeIgniter->handleRequest(NULL, Object(Config\Cache), false)
#8 C:\xampp\htdocs\Pengaduan\public\index.php(44): CodeIgniter\CodeIgniter->run()
#9 C:\xampp\htdocs\Pengaduan\vendor\codeigniter4\framework\system\Commands\Server\rewrite.php(45): require_once('C:\\xampp\\htdocs...')
#10 {main}
CRITICAL - 2023-11-03 12:23:36 --> Undefined variable $row
#0 C:\xampp\htdocs\Pengaduan\app\Views\user\pengaduan\index.php(93): CodeIgniter\Debug\Exceptions->errorHandler(2, 'Undefined varia...', 'C:\\xampp\\htdocs...', 93)
#1 C:\xampp\htdocs\Pengaduan\vendor\codeigniter4\framework\system\View\View.php(230): include('C:\\xampp\\htdocs...')
#2 C:\xampp\htdocs\Pengaduan\vendor\codeigniter4\framework\system\View\View.php(232): CodeIgniter\View\View->CodeIgniter\View\{closure}()
#3 C:\xampp\htdocs\Pengaduan\vendor\codeigniter4\framework\system\Common.php(1250): CodeIgniter\View\View->render('user/pengaduan/...', Array, true)
#4 C:\xampp\htdocs\Pengaduan\app\Controllers\Pengaduan.php(28): view('user/pengaduan/...', Array)
#5 C:\xampp\htdocs\Pengaduan\vendor\codeigniter4\framework\system\CodeIgniter.php(931): App\Controllers\Pengaduan->index()
#6 C:\xampp\htdocs\Pengaduan\vendor\codeigniter4\framework\system\CodeIgniter.php(439): CodeIgniter\CodeIgniter->runController(Object(App\Controllers\Pengaduan))
#7 C:\xampp\htdocs\Pengaduan\vendor\codeigniter4\framework\system\CodeIgniter.php(339): CodeIgniter\CodeIgniter->handleRequest(NULL, Object(Config\Cache), false)
#8 C:\xampp\htdocs\Pengaduan\public\index.php(44): CodeIgniter\CodeIgniter->run()
#9 C:\xampp\htdocs\Pengaduan\vendor\codeigniter4\framework\system\Commands\Server\rewrite.php(45): require_once('C:\\xampp\\htdocs...')
#10 {main}
CRITICAL - 2023-11-03 12:23:39 --> Undefined variable $row
#0 C:\xampp\htdocs\Pengaduan\app\Views\user\pengaduan\index.php(93): CodeIgniter\Debug\Exceptions->errorHandler(2, 'Undefined varia...', 'C:\\xampp\\htdocs...', 93)
#1 C:\xampp\htdocs\Pengaduan\vendor\codeigniter4\framework\system\View\View.php(230): include('C:\\xampp\\htdocs...')
#2 C:\xampp\htdocs\Pengaduan\vendor\codeigniter4\framework\system\View\View.php(232): CodeIgniter\View\View->CodeIgniter\View\{closure}()
#3 C:\xampp\htdocs\Pengaduan\vendor\codeigniter4\framework\system\Common.php(1250): CodeIgniter\View\View->render('user/pengaduan/...', Array, true)
#4 C:\xampp\htdocs\Pengaduan\app\Controllers\Pengaduan.php(28): view('user/pengaduan/...', Array)
#5 C:\xampp\htdocs\Pengaduan\vendor\codeigniter4\framework\system\CodeIgniter.php(931): App\Controllers\Pengaduan->index()
#6 C:\xampp\htdocs\Pengaduan\vendor\codeigniter4\framework\system\CodeIgniter.php(439): CodeIgniter\CodeIgniter->runController(Object(App\Controllers\Pengaduan))
#7 C:\xampp\htdocs\Pengaduan\vendor\codeigniter4\framework\system\CodeIgniter.php(339): CodeIgniter\CodeIgniter->handleRequest(NULL, Object(Config\Cache), false)
#8 C:\xampp\htdocs\Pengaduan\public\index.php(44): CodeIgniter\CodeIgniter->run()
#9 C:\xampp\htdocs\Pengaduan\vendor\codeigniter4\framework\system\Commands\Server\rewrite.php(45): require_once('C:\\xampp\\htdocs...')
#10 {main}
CRITICAL - 2023-11-03 12:23:41 --> Undefined variable $row
#0 C:\xampp\htdocs\Pengaduan\app\Views\user\pengaduan\index.php(93): CodeIgniter\Debug\Exceptions->errorHandler(2, 'Undefined varia...', 'C:\\xampp\\htdocs...', 93)
#1 C:\xampp\htdocs\Pengaduan\vendor\codeigniter4\framework\system\View\View.php(230): include('C:\\xampp\\htdocs...')
#2 C:\xampp\htdocs\Pengaduan\vendor\codeigniter4\framework\system\View\View.php(232): CodeIgniter\View\View->CodeIgniter\View\{closure}()
#3 C:\xampp\htdocs\Pengaduan\vendor\codeigniter4\framework\system\Common.php(1250): CodeIgniter\View\View->render('user/pengaduan/...', Array, true)
#4 C:\xampp\htdocs\Pengaduan\app\Controllers\Pengaduan.php(28): view('user/pengaduan/...', Array)
#5 C:\xampp\htdocs\Pengaduan\vendor\codeigniter4\framework\system\CodeIgniter.php(931): App\Controllers\Pengaduan->index()
#6 C:\xampp\htdocs\Pengaduan\vendor\codeigniter4\framework\system\CodeIgniter.php(439): CodeIgniter\CodeIgniter->runController(Object(App\Controllers\Pengaduan))
#7 C:\xampp\htdocs\Pengaduan\vendor\codeigniter4\framework\system\CodeIgniter.php(339): CodeIgniter\CodeIgniter->handleRequest(NULL, Object(Config\Cache), false)
#8 C:\xampp\htdocs\Pengaduan\public\index.php(44): CodeIgniter\CodeIgniter->run()
#9 C:\xampp\htdocs\Pengaduan\vendor\codeigniter4\framework\system\Commands\Server\rewrite.php(45): require_once('C:\\xampp\\htdocs...')
#10 {main}
CRITICAL - 2023-11-03 12:23:44 --> Undefined variable $row
#0 C:\xampp\htdocs\Pengaduan\app\Views\user\pengaduan\index.php(93): CodeIgniter\Debug\Exceptions->errorHandler(2, 'Undefined varia...', 'C:\\xampp\\htdocs...', 93)
#1 C:\xampp\htdocs\Pengaduan\vendor\codeigniter4\framework\system\View\View.php(230): include('C:\\xampp\\htdocs...')
#2 C:\xampp\htdocs\Pengaduan\vendor\codeigniter4\framework\system\View\View.php(232): CodeIgniter\View\View->CodeIgniter\View\{closure}()
#3 C:\xampp\htdocs\Pengaduan\vendor\codeigniter4\framework\system\Common.php(1250): CodeIgniter\View\View->render('user/pengaduan/...', Array, true)
#4 C:\xampp\htdocs\Pengaduan\app\Controllers\Pengaduan.php(28): view('user/pengaduan/...', Array)
#5 C:\xampp\htdocs\Pengaduan\vendor\codeigniter4\framework\system\CodeIgniter.php(931): App\Controllers\Pengaduan->index()
#6 C:\xampp\htdocs\Pengaduan\vendor\codeigniter4\framework\system\CodeIgniter.php(439): CodeIgniter\CodeIgniter->runController(Object(App\Controllers\Pengaduan))
#7 C:\xampp\htdocs\Pengaduan\vendor\codeigniter4\framework\system\CodeIgniter.php(339): CodeIgniter\CodeIgniter->handleRequest(NULL, Object(Config\Cache), false)
#8 C:\xampp\htdocs\Pengaduan\public\index.php(44): CodeIgniter\CodeIgniter->run()
#9 C:\xampp\htdocs\Pengaduan\vendor\codeigniter4\framework\system\Commands\Server\rewrite.php(45): require_once('C:\\xampp\\htdocs...')
#10 {main}
CRITICAL - 2023-11-03 12:23:54 --> Undefined variable $row
#0 C:\xampp\htdocs\Pengaduan\app\Views\user\pengaduan\index.php(93): CodeIgniter\Debug\Exceptions->errorHandler(2, 'Undefined varia...', 'C:\\xampp\\htdocs...', 93)
#1 C:\xampp\htdocs\Pengaduan\vendor\codeigniter4\framework\system\View\View.php(230): include('C:\\xampp\\htdocs...')
#2 C:\xampp\htdocs\Pengaduan\vendor\codeigniter4\framework\system\View\View.php(232): CodeIgniter\View\View->CodeIgniter\View\{closure}()
#3 C:\xampp\htdocs\Pengaduan\vendor\codeigniter4\framework\system\Common.php(1250): CodeIgniter\View\View->render('user/pengaduan/...', Array, true)
#4 C:\xampp\htdocs\Pengaduan\app\Controllers\Pengaduan.php(28): view('user/pengaduan/...', Array)
#5 C:\xampp\htdocs\Pengaduan\vendor\codeigniter4\framework\system\CodeIgniter.php(931): App\Controllers\Pengaduan->index()
#6 C:\xampp\htdocs\Pengaduan\vendor\codeigniter4\framework\system\CodeIgniter.php(439): CodeIgniter\CodeIgniter->runController(Object(App\Controllers\Pengaduan))
#7 C:\xampp\htdocs\Pengaduan\vendor\codeigniter4\framework\system\CodeIgniter.php(339): CodeIgniter\CodeIgniter->handleRequest(NULL, Object(Config\Cache), false)
#8 C:\xampp\htdocs\Pengaduan\public\index.php(44): CodeIgniter\CodeIgniter->run()
#9 C:\xampp\htdocs\Pengaduan\vendor\codeigniter4\framework\system\Commands\Server\rewrite.php(45): require_once('C:\\xampp\\htdocs...')
#10 {main}
CRITICAL - 2023-11-03 12:27:50 --> Undefined variable $row
#0 C:\xampp\htdocs\Pengaduan\app\Views\user\pengaduan\index.php(93): CodeIgniter\Debug\Exceptions->errorHandler(2, 'Undefined varia...', 'C:\\xampp\\htdocs...', 93)
#1 C:\xampp\htdocs\Pengaduan\vendor\codeigniter4\framework\system\View\View.php(230): include('C:\\xampp\\htdocs...')
#2 C:\xampp\htdocs\Pengaduan\vendor\codeigniter4\framework\system\View\View.php(232): CodeIgniter\View\View->CodeIgniter\View\{closure}()
#3 C:\xampp\htdocs\Pengaduan\vendor\codeigniter4\framework\system\Common.php(1250): CodeIgniter\View\View->render('user/pengaduan/...', Array, true)
#4 C:\xampp\htdocs\Pengaduan\app\Controllers\Pengaduan.php(28): view('user/pengaduan/...', Array)
#5 C:\xampp\htdocs\Pengaduan\vendor\codeigniter4\framework\system\CodeIgniter.php(931): App\Controllers\Pengaduan->index()
#6 C:\xampp\htdocs\Pengaduan\vendor\codeigniter4\framework\system\CodeIgniter.php(439): CodeIgniter\CodeIgniter->runController(Object(App\Controllers\Pengaduan))
#7 C:\xampp\htdocs\Pengaduan\vendor\codeigniter4\framework\system\CodeIgniter.php(339): CodeIgniter\CodeIgniter->handleRequest(NULL, Object(Config\Cache), false)
#8 C:\xampp\htdocs\Pengaduan\public\index.php(44): CodeIgniter\CodeIgniter->run()
#9 C:\xampp\htdocs\Pengaduan\vendor\codeigniter4\framework\system\Commands\Server\rewrite.php(45): require_once('C:\\xampp\\htdocs...')
#10 {main}
CRITICAL - 2023-11-03 12:29:53 --> Undefined variable $row
#0 C:\xampp\htdocs\Pengaduan\app\Views\user\pengaduan\index.php(93): CodeIgniter\Debug\Exceptions->errorHandler(2, 'Undefined varia...', 'C:\\xampp\\htdocs...', 93)
#1 C:\xampp\htdocs\Pengaduan\vendor\codeigniter4\framework\system\View\View.php(230): include('C:\\xampp\\htdocs...')
#2 C:\xampp\htdocs\Pengaduan\vendor\codeigniter4\framework\system\View\View.php(232): CodeIgniter\View\View->CodeIgniter\View\{closure}()
#3 C:\xampp\htdocs\Pengaduan\vendor\codeigniter4\framework\system\Common.php(1250): CodeIgniter\View\View->render('user/pengaduan/...', Array, true)
#4 C:\xampp\htdocs\Pengaduan\app\Controllers\Pengaduan.php(28): view('user/pengaduan/...', Array)
#5 C:\xampp\htdocs\Pengaduan\vendor\codeigniter4\framework\system\CodeIgniter.php(931): App\Controllers\Pengaduan->index()
#6 C:\xampp\htdocs\Pengaduan\vendor\codeigniter4\framework\system\CodeIgniter.php(439): CodeIgniter\CodeIgniter->runController(Object(App\Controllers\Pengaduan))
#7 C:\xampp\htdocs\Pengaduan\vendor\codeigniter4\framework\system\CodeIgniter.php(339): CodeIgniter\CodeIgniter->handleRequest(NULL, Object(Config\Cache), false)
#8 C:\xampp\htdocs\Pengaduan\public\index.php(44): CodeIgniter\CodeIgniter->run()
#9 C:\xampp\htdocs\Pengaduan\vendor\codeigniter4\framework\system\Commands\Server\rewrite.php(45): require_once('C:\\xampp\\htdocs...')
#10 {main}
CRITICAL - 2023-11-03 12:37:27 --> Too few arguments to function App\Controllers\Pengaduan::soft_delete(), 0 passed in C:\xampp\htdocs\Pengaduan\vendor\codeigniter4\framework\system\CodeIgniter.php on line 931 and exactly 1 expected
#0 C:\xampp\htdocs\Pengaduan\vendor\codeigniter4\framework\system\CodeIgniter.php(931): App\Controllers\Pengaduan->soft_delete()
#1 C:\xampp\htdocs\Pengaduan\vendor\codeigniter4\framework\system\CodeIgniter.php(439): CodeIgniter\CodeIgniter->runController(Object(App\Controllers\Pengaduan))
#2 C:\xampp\htdocs\Pengaduan\vendor\codeigniter4\framework\system\CodeIgniter.php(339): CodeIgniter\CodeIgniter->handleRequest(NULL, Object(Config\Cache), false)
#3 C:\xampp\htdocs\Pengaduan\public\index.php(44): CodeIgniter\CodeIgniter->run()
#4 C:\xampp\htdocs\Pengaduan\vendor\codeigniter4\framework\system\Commands\Server\rewrite.php(45): require_once('C:\\xampp\\htdocs...')
#5 {main}
CRITICAL - 2023-11-03 17:37:29 --> Undefined array key "status_pengaduan"
#0 C:\xampp\htdocs\Pengaduan\app\Views\user\pengaduan\index.php(58): CodeIgniter\Debug\Exceptions->errorHandler(2, 'Undefined array...', 'C:\\xampp\\htdocs...', 58)
#1 C:\xampp\htdocs\Pengaduan\vendor\codeigniter4\framework\system\View\View.php(230): include('C:\\xampp\\htdocs...')
#2 C:\xampp\htdocs\Pengaduan\vendor\codeigniter4\framework\system\View\View.php(232): CodeIgniter\View\View->CodeIgniter\View\{closure}()
#3 C:\xampp\htdocs\Pengaduan\vendor\codeigniter4\framework\system\Common.php(1250): CodeIgniter\View\View->render('user/pengaduan/...', Array, true)
#4 C:\xampp\htdocs\Pengaduan\app\Controllers\Pengaduan.php(28): view('user/pengaduan/...', Array)
#5 C:\xampp\htdocs\Pengaduan\vendor\codeigniter4\framework\system\CodeIgniter.php(931): App\Controllers\Pengaduan->index()
#6 C:\xampp\htdocs\Pengaduan\vendor\codeigniter4\framework\system\CodeIgniter.php(439): CodeIgniter\CodeIgniter->runController(Object(App\Controllers\Pengaduan))
#7 C:\xampp\htdocs\Pengaduan\vendor\codeigniter4\framework\system\CodeIgniter.php(339): CodeIgniter\CodeIgniter->handleRequest(NULL, Object(Config\Cache), false)
#8 C:\xampp\htdocs\Pengaduan\public\index.php(44): CodeIgniter\CodeIgniter->run()
#9 C:\xampp\htdocs\Pengaduan\vendor\codeigniter4\framework\system\Commands\Server\rewrite.php(45): require_once('C:\\xampp\\htdocs...')
#10 {main}
CRITICAL - 2023-11-03 18:48:22 --> Undefined array key "user_level"
#0 C:\xampp\htdocs\Pengaduan\app\Views\admin\pengaduan\detail_pengaduan.php(30): CodeIgniter\Debug\Exceptions->errorHandler(2, 'Undefined array...', 'C:\\xampp\\htdocs...', 30)
#1 C:\xampp\htdocs\Pengaduan\vendor\codeigniter4\framework\system\View\View.php(230): include('C:\\xampp\\htdocs...')
#2 C:\xampp\htdocs\Pengaduan\vendor\codeigniter4\framework\system\View\View.php(232): CodeIgniter\View\View->CodeIgniter\View\{closure}()
#3 C:\xampp\htdocs\Pengaduan\vendor\codeigniter4\framework\system\Common.php(1250): CodeIgniter\View\View->render('admin/pengaduan...', Array, true)
#4 C:\xampp\htdocs\Pengaduan\app\Controllers\Admin\Pengaduan.php(68): view('admin/pengaduan...', Array)
#5 C:\xampp\htdocs\Pengaduan\vendor\codeigniter4\framework\system\CodeIgniter.php(931): App\Controllers\admin\Pengaduan->detail('54')
#6 C:\xampp\htdocs\Pengaduan\vendor\codeigniter4\framework\system\CodeIgniter.php(439): CodeIgniter\CodeIgniter->runController(Object(App\Controllers\admin\Pengaduan))
#7 C:\xampp\htdocs\Pengaduan\vendor\codeigniter4\framework\system\CodeIgniter.php(339): CodeIgniter\CodeIgniter->handleRequest(NULL, Object(Config\Cache), false)
#8 C:\xampp\htdocs\Pengaduan\public\index.php(44): CodeIgniter\CodeIgniter->run()
#9 C:\xampp\htdocs\Pengaduan\vendor\codeigniter4\framework\system\Commands\Server\rewrite.php(45): require_once('C:\\xampp\\htdocs...')
#10 {main}
CRITICAL - 2023-11-03 18:50:58 --> Undefined array key "user_level"
#0 C:\xampp\htdocs\Pengaduan\app\Views\admin\pengaduan\detail_pengaduan.php(29): CodeIgniter\Debug\Exceptions->errorHandler(2, 'Undefined array...', 'C:\\xampp\\htdocs...', 29)
#1 C:\xampp\htdocs\Pengaduan\vendor\codeigniter4\framework\system\View\View.php(230): include('C:\\xampp\\htdocs...')
#2 C:\xampp\htdocs\Pengaduan\vendor\codeigniter4\framework\system\View\View.php(232): CodeIgniter\View\View->CodeIgniter\View\{closure}()
#3 C:\xampp\htdocs\Pengaduan\vendor\codeigniter4\framework\system\Common.php(1250): CodeIgniter\View\View->render('admin/pengaduan...', Array, true)
#4 C:\xampp\htdocs\Pengaduan\app\Controllers\Admin\Pengaduan.php(68): view('admin/pengaduan...', Array)
#5 C:\xampp\htdocs\Pengaduan\vendor\codeigniter4\framework\system\CodeIgniter.php(931): App\Controllers\admin\Pengaduan->detail('54')
#6 C:\xampp\htdocs\Pengaduan\vendor\codeigniter4\framework\system\CodeIgniter.php(439): CodeIgniter\CodeIgniter->runController(Object(App\Controllers\admin\Pengaduan))
#7 C:\xampp\htdocs\Pengaduan\vendor\codeigniter4\framework\system\CodeIgniter.php(339): CodeIgniter\CodeIgniter->handleRequest(NULL, Object(Config\Cache), false)
#8 C:\xampp\htdocs\Pengaduan\public\index.php(44): CodeIgniter\CodeIgniter->run()
#9 C:\xampp\htdocs\Pengaduan\vendor\codeigniter4\framework\system\Commands\Server\rewrite.php(45): require_once('C:\\xampp\\htdocs...')
#10 {main}
CRITICAL - 2023-11-03 18:54:08 --> syntax error, unexpected single-quoted string " ?></button>"
#0 C:\xampp\htdocs\Pengaduan\vendor\codeigniter4\framework\system\View\View.php(232): CodeIgniter\View\View->CodeIgniter\View\{closure}()
#1 C:\xampp\htdocs\Pengaduan\vendor\codeigniter4\framework\system\Common.php(1250): CodeIgniter\View\View->render('admin/pengaduan...', Array, true)
#2 C:\xampp\htdocs\Pengaduan\app\Controllers\Admin\Pengaduan.php(68): view('admin/pengaduan...', Array)
#3 C:\xampp\htdocs\Pengaduan\vendor\codeigniter4\framework\system\CodeIgniter.php(931): App\Controllers\admin\Pengaduan->detail('54')
#4 C:\xampp\htdocs\Pengaduan\vendor\codeigniter4\framework\system\CodeIgniter.php(439): CodeIgniter\CodeIgniter->runController(Object(App\Controllers\admin\Pengaduan))
#5 C:\xampp\htdocs\Pengaduan\vendor\codeigniter4\framework\system\CodeIgniter.php(339): CodeIgniter\CodeIgniter->handleRequest(NULL, Object(Config\Cache), false)
#6 C:\xampp\htdocs\Pengaduan\public\index.php(44): CodeIgniter\CodeIgniter->run()
#7 C:\xampp\htdocs\Pengaduan\vendor\codeigniter4\framework\system\Commands\Server\rewrite.php(45): require_once('C:\\xampp\\htdocs...')
#8 {main}
CRITICAL - 2023-11-03 22:13:31 --> Undefined property: stdClass::$username
#0 C:\xampp\htdocs\Pengaduan\app\Controllers\Admin\Pengaduan.php(204): CodeIgniter\Debug\Exceptions->errorHandler(2, 'Undefined prope...', 'C:\\xampp\\htdocs...', 204)
#1 C:\xampp\htdocs\Pengaduan\vendor\codeigniter4\framework\system\CodeIgniter.php(931): App\Controllers\admin\Pengaduan->dt_pengaduan_masuk()
#2 C:\xampp\htdocs\Pengaduan\vendor\codeigniter4\framework\system\CodeIgniter.php(439): CodeIgniter\CodeIgniter->runController(Object(App\Controllers\admin\Pengaduan))
#3 C:\xampp\htdocs\Pengaduan\vendor\codeigniter4\framework\system\CodeIgniter.php(339): CodeIgniter\CodeIgniter->handleRequest(NULL, Object(Config\Cache), false)
#4 C:\xampp\htdocs\Pengaduan\public\index.php(44): CodeIgniter\CodeIgniter->run()
#5 C:\xampp\htdocs\Pengaduan\vendor\codeigniter4\framework\system\Commands\Server\rewrite.php(45): require_once('C:\\xampp\\htdocs...')
#6 {main}
CRITICAL - 2023-11-03 22:20:56 --> syntax error, unexpected token "]", expecting "-" or identifier or variable or number
#0 C:\xampp\htdocs\Pengaduan\vendor\codeigniter4\framework\system\Autoloader\Autoloader.php(282): CodeIgniter\Autoloader\Autoloader->includeFile('C:\\xampp\\htdocs...')
#1 C:\xampp\htdocs\Pengaduan\vendor\codeigniter4\framework\system\Autoloader\Autoloader.php(247): CodeIgniter\Autoloader\Autoloader->loadInNamespace('App\\Controllers...')
#2 [internal function]: CodeIgniter\Autoloader\Autoloader->loadClass('App\\Controllers...')
#3 C:\xampp\htdocs\Pengaduan\vendor\codeigniter4\framework\system\CodeIgniter.php(888): class_exists('\\App\\Controller...', true)
#4 C:\xampp\htdocs\Pengaduan\vendor\codeigniter4\framework\system\CodeIgniter.php(424): CodeIgniter\CodeIgniter->startController()
#5 C:\xampp\htdocs\Pengaduan\vendor\codeigniter4\framework\system\CodeIgniter.php(339): CodeIgniter\CodeIgniter->handleRequest(NULL, Object(Config\Cache), false)
#6 C:\xampp\htdocs\Pengaduan\public\index.php(44): CodeIgniter\CodeIgniter->run()
#7 C:\xampp\htdocs\Pengaduan\vendor\codeigniter4\framework\system\Commands\Server\rewrite.php(45): require_once('C:\\xampp\\htdocs...')
#8 {main}
