CRITICAL - 2023-12-01 00:52:49 --> foreach() argument must be of type array|object, null given
#0 C:\xampp\htdocs\SI-ASPIRASI\app\Models\Admin\PengaduanModel.php(223): CodeIgniter\Debug\Exceptions->errorHandler(2, 'foreach() argum...', 'C:\\xampp\\htdocs...', 223)
#1 C:\xampp\htdocs\SI-ASPIRASI\app\Models\Admin\PengaduanModel.php(246): App\Models\Admin\PengaduanModel->_get_datatables_query_ps()
#2 C:\xampp\htdocs\SI-ASPIRASI\app\Controllers\Admin\Pengaduan.php(351): App\Models\Admin\PengaduanModel->get_datatables_ps()
#3 C:\xampp\htdocs\SI-ASPIRASI\vendor\codeigniter4\framework\system\CodeIgniter.php(931): App\Controllers\admin\Pengaduan->dt_pengaduan_setuju()
#4 C:\xampp\htdocs\SI-ASPIRASI\vendor\codeigniter4\framework\system\CodeIgniter.php(439): CodeIgniter\CodeIgniter->runController(Object(App\Controllers\admin\Pengaduan))
#5 C:\xampp\htdocs\SI-ASPIRASI\vendor\codeigniter4\framework\system\CodeIgniter.php(339): CodeIgniter\CodeIgniter->handleRequest(NULL, Object(Config\Cache), false)
#6 C:\xampp\htdocs\SI-ASPIRASI\public\index.php(44): CodeIgniter\CodeIgniter->run()
#7 C:\xampp\htdocs\SI-ASPIRASI\vendor\codeigniter4\framework\system\Commands\Server\rewrite.php(45): require_once('C:\\xampp\\htdocs...')
#8 {main}
CRITICAL - 2023-12-01 00:57:43 --> foreach() argument must be of type array|object, null given
#0 C:\xampp\htdocs\SI-ASPIRASI\app\Models\Admin\PengaduanModel.php(223): CodeIgniter\Debug\Exceptions->errorHandler(2, 'foreach() argum...', 'C:\\xampp\\htdocs...', 223)
#1 C:\xampp\htdocs\SI-ASPIRASI\app\Models\Admin\PengaduanModel.php(246): App\Models\Admin\PengaduanModel->_get_datatables_query_ps()
#2 C:\xampp\htdocs\SI-ASPIRASI\app\Controllers\Admin\Pengaduan.php(352): App\Models\Admin\PengaduanModel->get_datatables_ps()
#3 C:\xampp\htdocs\SI-ASPIRASI\vendor\codeigniter4\framework\system\CodeIgniter.php(931): App\Controllers\admin\Pengaduan->dt_pengaduan_setuju()
#4 C:\xampp\htdocs\SI-ASPIRASI\vendor\codeigniter4\framework\system\CodeIgniter.php(439): CodeIgniter\CodeIgniter->runController(Object(App\Controllers\admin\Pengaduan))
#5 C:\xampp\htdocs\SI-ASPIRASI\vendor\codeigniter4\framework\system\CodeIgniter.php(339): CodeIgniter\CodeIgniter->handleRequest(NULL, Object(Config\Cache), false)
#6 C:\xampp\htdocs\SI-ASPIRASI\public\index.php(44): CodeIgniter\CodeIgniter->run()
#7 C:\xampp\htdocs\SI-ASPIRASI\vendor\codeigniter4\framework\system\Commands\Server\rewrite.php(45): require_once('C:\\xampp\\htdocs...')
#8 {main}
CRITICAL - 2023-12-01 00:58:56 --> foreach() argument must be of type array|object, null given
#0 C:\xampp\htdocs\SI-ASPIRASI\app\Models\Admin\PengaduanModel.php(223): CodeIgniter\Debug\Exceptions->errorHandler(2, 'foreach() argum...', 'C:\\xampp\\htdocs...', 223)
#1 C:\xampp\htdocs\SI-ASPIRASI\app\Models\Admin\PengaduanModel.php(246): App\Models\Admin\PengaduanModel->_get_datatables_query_ps()
#2 C:\xampp\htdocs\SI-ASPIRASI\app\Controllers\Admin\Pengaduan.php(352): App\Models\Admin\PengaduanModel->get_datatables_ps()
#3 C:\xampp\htdocs\SI-ASPIRASI\vendor\codeigniter4\framework\system\CodeIgniter.php(931): App\Controllers\admin\Pengaduan->dt_pengaduan_setuju()
#4 C:\xampp\htdocs\SI-ASPIRASI\vendor\codeigniter4\framework\system\CodeIgniter.php(439): CodeIgniter\CodeIgniter->runController(Object(App\Controllers\admin\Pengaduan))
#5 C:\xampp\htdocs\SI-ASPIRASI\vendor\codeigniter4\framework\system\CodeIgniter.php(339): CodeIgniter\CodeIgniter->handleRequest(NULL, Object(Config\Cache), false)
#6 C:\xampp\htdocs\SI-ASPIRASI\public\index.php(44): CodeIgniter\CodeIgniter->run()
#7 C:\xampp\htdocs\SI-ASPIRASI\vendor\codeigniter4\framework\system\Commands\Server\rewrite.php(45): require_once('C:\\xampp\\htdocs...')
#8 {main}
CRITICAL - 2023-12-01 00:59:49 --> foreach() argument must be of type array|object, null given
#0 C:\xampp\htdocs\SI-ASPIRASI\app\Models\Admin\PengaduanModel.php(223): CodeIgniter\Debug\Exceptions->errorHandler(2, 'foreach() argum...', 'C:\\xampp\\htdocs...', 223)
#1 C:\xampp\htdocs\SI-ASPIRASI\app\Models\Admin\PengaduanModel.php(246): App\Models\Admin\PengaduanModel->_get_datatables_query_ps()
#2 C:\xampp\htdocs\SI-ASPIRASI\app\Controllers\Admin\Pengaduan.php(352): App\Models\Admin\PengaduanModel->get_datatables_ps()
#3 C:\xampp\htdocs\SI-ASPIRASI\vendor\codeigniter4\framework\system\CodeIgniter.php(931): App\Controllers\admin\Pengaduan->dt_pengaduan_setuju()
#4 C:\xampp\htdocs\SI-ASPIRASI\vendor\codeigniter4\framework\system\CodeIgniter.php(439): CodeIgniter\CodeIgniter->runController(Object(App\Controllers\admin\Pengaduan))
#5 C:\xampp\htdocs\SI-ASPIRASI\vendor\codeigniter4\framework\system\CodeIgniter.php(339): CodeIgniter\CodeIgniter->handleRequest(NULL, Object(Config\Cache), false)
#6 C:\xampp\htdocs\SI-ASPIRASI\public\index.php(44): CodeIgniter\CodeIgniter->run()
#7 C:\xampp\htdocs\SI-ASPIRASI\vendor\codeigniter4\framework\system\Commands\Server\rewrite.php(45): require_once('C:\\xampp\\htdocs...')
#8 {main}
CRITICAL - 2023-12-01 01:02:23 --> foreach() argument must be of type array|object, null given
#0 C:\xampp\htdocs\SI-ASPIRASI\app\Models\Admin\PengaduanModel.php(223): CodeIgniter\Debug\Exceptions->errorHandler(2, 'foreach() argum...', 'C:\\xampp\\htdocs...', 223)
#1 C:\xampp\htdocs\SI-ASPIRASI\app\Models\Admin\PengaduanModel.php(246): App\Models\Admin\PengaduanModel->_get_datatables_query_ps()
#2 C:\xampp\htdocs\SI-ASPIRASI\app\Controllers\Admin\Pengaduan.php(352): App\Models\Admin\PengaduanModel->get_datatables_ps()
#3 C:\xampp\htdocs\SI-ASPIRASI\vendor\codeigniter4\framework\system\CodeIgniter.php(931): App\Controllers\admin\Pengaduan->dt_pengaduan_setuju()
#4 C:\xampp\htdocs\SI-ASPIRASI\vendor\codeigniter4\framework\system\CodeIgniter.php(439): CodeIgniter\CodeIgniter->runController(Object(App\Controllers\admin\Pengaduan))
#5 C:\xampp\htdocs\SI-ASPIRASI\vendor\codeigniter4\framework\system\CodeIgniter.php(339): CodeIgniter\CodeIgniter->handleRequest(NULL, Object(Config\Cache), false)
#6 C:\xampp\htdocs\SI-ASPIRASI\public\index.php(44): CodeIgniter\CodeIgniter->run()
#7 C:\xampp\htdocs\SI-ASPIRASI\vendor\codeigniter4\framework\system\Commands\Server\rewrite.php(45): require_once('C:\\xampp\\htdocs...')
#8 {main}
CRITICAL - 2023-12-01 01:04:29 --> foreach() argument must be of type array|object, null given
#0 C:\xampp\htdocs\SI-ASPIRASI\app\Models\Admin\PengaduanModel.php(223): CodeIgniter\Debug\Exceptions->errorHandler(2, 'foreach() argum...', 'C:\\xampp\\htdocs...', 223)
#1 C:\xampp\htdocs\SI-ASPIRASI\app\Models\Admin\PengaduanModel.php(246): App\Models\Admin\PengaduanModel->_get_datatables_query_ps()
#2 C:\xampp\htdocs\SI-ASPIRASI\app\Controllers\Admin\Pengaduan.php(352): App\Models\Admin\PengaduanModel->get_datatables_ps()
#3 C:\xampp\htdocs\SI-ASPIRASI\vendor\codeigniter4\framework\system\CodeIgniter.php(931): App\Controllers\admin\Pengaduan->dt_pengaduan_setuju()
#4 C:\xampp\htdocs\SI-ASPIRASI\vendor\codeigniter4\framework\system\CodeIgniter.php(439): CodeIgniter\CodeIgniter->runController(Object(App\Controllers\admin\Pengaduan))
#5 C:\xampp\htdocs\SI-ASPIRASI\vendor\codeigniter4\framework\system\CodeIgniter.php(339): CodeIgniter\CodeIgniter->handleRequest(NULL, Object(Config\Cache), false)
#6 C:\xampp\htdocs\SI-ASPIRASI\public\index.php(44): CodeIgniter\CodeIgniter->run()
#7 C:\xampp\htdocs\SI-ASPIRASI\vendor\codeigniter4\framework\system\Commands\Server\rewrite.php(45): require_once('C:\\xampp\\htdocs...')
#8 {main}
CRITICAL - 2023-12-01 02:06:30 --> Undefined property: App\Controllers\admin\Pengaduan::$lokasi
#0 C:\xampp\htdocs\SI-ASPIRASI\app\Controllers\Admin\Pengaduan.php(118): CodeIgniter\Debug\Exceptions->errorHandler(2, 'Undefined prope...', 'C:\\xampp\\htdocs...', 118)
#1 C:\xampp\htdocs\SI-ASPIRASI\vendor\codeigniter4\framework\system\CodeIgniter.php(931): App\Controllers\admin\Pengaduan->tolak1()
#2 C:\xampp\htdocs\SI-ASPIRASI\vendor\codeigniter4\framework\system\CodeIgniter.php(439): CodeIgniter\CodeIgniter->runController(Object(App\Controllers\admin\Pengaduan))
#3 C:\xampp\htdocs\SI-ASPIRASI\vendor\codeigniter4\framework\system\CodeIgniter.php(339): CodeIgniter\CodeIgniter->handleRequest(NULL, Object(Config\Cache), false)
#4 C:\xampp\htdocs\SI-ASPIRASI\public\index.php(44): CodeIgniter\CodeIgniter->run()
#5 C:\xampp\htdocs\SI-ASPIRASI\vendor\codeigniter4\framework\system\Commands\Server\rewrite.php(45): require_once('C:\\xampp\\htdocs...')
#6 {main}
