CRITICAL - 2023-11-13 20:49:49 --> Undefined variable $lokasiPengaduan
#0 C:\xampp\htdocs\SI-ASPIRASI\app\Controllers\Admin\Pengaduan.php(222): CodeIgniter\Debug\Exceptions->errorHandler(2, 'Undefined varia...', 'C:\\xampp\\htdocs...', 222)
#1 C:\xampp\htdocs\SI-ASPIRASI\vendor\codeigniter4\framework\system\CodeIgniter.php(931): App\Controllers\admin\Pengaduan->dt_pengaduan_masuk()
#2 C:\xampp\htdocs\SI-ASPIRASI\vendor\codeigniter4\framework\system\CodeIgniter.php(439): CodeIgniter\CodeIgniter->runController(Object(App\Controllers\admin\Pengaduan))
#3 C:\xampp\htdocs\SI-ASPIRASI\vendor\codeigniter4\framework\system\CodeIgniter.php(339): CodeIgniter\CodeIgniter->handleRequest(NULL, Object(Config\Cache), false)
#4 C:\xampp\htdocs\SI-ASPIRASI\public\index.php(44): CodeIgniter\CodeIgniter->run()
#5 C:\xampp\htdocs\SI-ASPIRASI\vendor\codeigniter4\framework\system\Commands\Server\rewrite.php(45): require_once('C:\\xampp\\htdocs...')
#6 {main}
CRITICAL - 2023-11-13 20:50:24 --> Undefined variable $lokasiPengaduan
#0 C:\xampp\htdocs\SI-ASPIRASI\app\Controllers\Admin\Pengaduan.php(222): CodeIgniter\Debug\Exceptions->errorHandler(2, 'Undefined varia...', 'C:\\xampp\\htdocs...', 222)
#1 C:\xampp\htdocs\SI-ASPIRASI\vendor\codeigniter4\framework\system\CodeIgniter.php(931): App\Controllers\admin\Pengaduan->dt_pengaduan_masuk()
#2 C:\xampp\htdocs\SI-ASPIRASI\vendor\codeigniter4\framework\system\CodeIgniter.php(439): CodeIgniter\CodeIgniter->runController(Object(App\Controllers\admin\Pengaduan))
#3 C:\xampp\htdocs\SI-ASPIRASI\vendor\codeigniter4\framework\system\CodeIgniter.php(339): CodeIgniter\CodeIgniter->handleRequest(NULL, Object(Config\Cache), false)
#4 C:\xampp\htdocs\SI-ASPIRASI\public\index.php(44): CodeIgniter\CodeIgniter->run()
#5 C:\xampp\htdocs\SI-ASPIRASI\vendor\codeigniter4\framework\system\Commands\Server\rewrite.php(45): require_once('C:\\xampp\\htdocs...')
#6 {main}
CRITICAL - 2023-11-13 20:56:11 --> Call to undefined method App\Models\Admin\PengaduanModel::getLokasiPengaduan
#0 C:\xampp\htdocs\SI-ASPIRASI\app\Controllers\Admin\Pengaduan.php(222): CodeIgniter\Model->__call('getLokasiPengad...', Array)
#1 C:\xampp\htdocs\SI-ASPIRASI\vendor\codeigniter4\framework\system\CodeIgniter.php(931): App\Controllers\admin\Pengaduan->dt_pengaduan_masuk()
#2 C:\xampp\htdocs\SI-ASPIRASI\vendor\codeigniter4\framework\system\CodeIgniter.php(439): CodeIgniter\CodeIgniter->runController(Object(App\Controllers\admin\Pengaduan))
#3 C:\xampp\htdocs\SI-ASPIRASI\vendor\codeigniter4\framework\system\CodeIgniter.php(339): CodeIgniter\CodeIgniter->handleRequest(NULL, Object(Config\Cache), false)
#4 C:\xampp\htdocs\SI-ASPIRASI\public\index.php(44): CodeIgniter\CodeIgniter->run()
#5 C:\xampp\htdocs\SI-ASPIRASI\vendor\codeigniter4\framework\system\Commands\Server\rewrite.php(45): require_once('C:\\xampp\\htdocs...')
#6 {main}
CRITICAL - 2023-11-13 20:56:39 --> Call to undefined method App\Models\Admin\PengaduanModel::getLokasiPengaduan
#0 C:\xampp\htdocs\SI-ASPIRASI\app\Controllers\Admin\Pengaduan.php(222): CodeIgniter\Model->__call('getLokasiPengad...', Array)
#1 C:\xampp\htdocs\SI-ASPIRASI\vendor\codeigniter4\framework\system\CodeIgniter.php(931): App\Controllers\admin\Pengaduan->dt_pengaduan_masuk()
#2 C:\xampp\htdocs\SI-ASPIRASI\vendor\codeigniter4\framework\system\CodeIgniter.php(439): CodeIgniter\CodeIgniter->runController(Object(App\Controllers\admin\Pengaduan))
#3 C:\xampp\htdocs\SI-ASPIRASI\vendor\codeigniter4\framework\system\CodeIgniter.php(339): CodeIgniter\CodeIgniter->handleRequest(NULL, Object(Config\Cache), false)
#4 C:\xampp\htdocs\SI-ASPIRASI\public\index.php(44): CodeIgniter\CodeIgniter->run()
#5 C:\xampp\htdocs\SI-ASPIRASI\vendor\codeigniter4\framework\system\Commands\Server\rewrite.php(45): require_once('C:\\xampp\\htdocs...')
#6 {main}
CRITICAL - 2023-11-13 21:16:35 --> Too few arguments to function App\Models\Admin\PengaduanModel::getLokasiPengaduan(), 0 passed in C:\xampp\htdocs\SI-ASPIRASI\app\Controllers\Admin\Pengaduan.php on line 222 and exactly 1 expected
#0 C:\xampp\htdocs\SI-ASPIRASI\app\Controllers\Admin\Pengaduan.php(222): App\Models\Admin\PengaduanModel->getLokasiPengaduan()
#1 C:\xampp\htdocs\SI-ASPIRASI\vendor\codeigniter4\framework\system\CodeIgniter.php(931): App\Controllers\admin\Pengaduan->dt_pengaduan_masuk()
#2 C:\xampp\htdocs\SI-ASPIRASI\vendor\codeigniter4\framework\system\CodeIgniter.php(439): CodeIgniter\CodeIgniter->runController(Object(App\Controllers\admin\Pengaduan))
#3 C:\xampp\htdocs\SI-ASPIRASI\vendor\codeigniter4\framework\system\CodeIgniter.php(339): CodeIgniter\CodeIgniter->handleRequest(NULL, Object(Config\Cache), false)
#4 C:\xampp\htdocs\SI-ASPIRASI\public\index.php(44): CodeIgniter\CodeIgniter->run()
#5 C:\xampp\htdocs\SI-ASPIRASI\vendor\codeigniter4\framework\system\Commands\Server\rewrite.php(45): require_once('C:\\xampp\\htdocs...')
#6 {main}
CRITICAL - 2023-11-13 21:19:01 --> Undefined variable $user
#0 C:\xampp\htdocs\SI-ASPIRASI\app\Models\Admin\PengaduanModel.php(34): CodeIgniter\Debug\Exceptions->errorHandler(2, 'Undefined varia...', 'C:\\xampp\\htdocs...', 34)
#1 C:\xampp\htdocs\SI-ASPIRASI\app\Controllers\Admin\Pengaduan.php(14): App\Models\Admin\PengaduanModel->__construct()
#2 C:\xampp\htdocs\SI-ASPIRASI\vendor\codeigniter4\framework\system\CodeIgniter.php(903): App\Controllers\admin\Pengaduan->__construct()
#3 C:\xampp\htdocs\SI-ASPIRASI\vendor\codeigniter4\framework\system\CodeIgniter.php(429): CodeIgniter\CodeIgniter->createController()
#4 C:\xampp\htdocs\SI-ASPIRASI\vendor\codeigniter4\framework\system\CodeIgniter.php(339): CodeIgniter\CodeIgniter->handleRequest(NULL, Object(Config\Cache), false)
#5 C:\xampp\htdocs\SI-ASPIRASI\public\index.php(44): CodeIgniter\CodeIgniter->run()
#6 C:\xampp\htdocs\SI-ASPIRASI\vendor\codeigniter4\framework\system\Commands\Server\rewrite.php(45): require_once('C:\\xampp\\htdocs...')
#7 {main}
CRITICAL - 2023-11-13 21:21:06 --> Undefined variable $user
#0 C:\xampp\htdocs\SI-ASPIRASI\app\Models\Admin\PengaduanModel.php(36): CodeIgniter\Debug\Exceptions->errorHandler(2, 'Undefined varia...', 'C:\\xampp\\htdocs...', 36)
#1 C:\xampp\htdocs\SI-ASPIRASI\app\Controllers\Admin\Pengaduan.php(14): App\Models\Admin\PengaduanModel->__construct()
#2 C:\xampp\htdocs\SI-ASPIRASI\vendor\codeigniter4\framework\system\CodeIgniter.php(903): App\Controllers\admin\Pengaduan->__construct()
#3 C:\xampp\htdocs\SI-ASPIRASI\vendor\codeigniter4\framework\system\CodeIgniter.php(429): CodeIgniter\CodeIgniter->createController()
#4 C:\xampp\htdocs\SI-ASPIRASI\vendor\codeigniter4\framework\system\CodeIgniter.php(339): CodeIgniter\CodeIgniter->handleRequest(NULL, Object(Config\Cache), false)
#5 C:\xampp\htdocs\SI-ASPIRASI\public\index.php(44): CodeIgniter\CodeIgniter->run()
#6 C:\xampp\htdocs\SI-ASPIRASI\vendor\codeigniter4\framework\system\Commands\Server\rewrite.php(45): require_once('C:\\xampp\\htdocs...')
#7 {main}
CRITICAL - 2023-11-13 21:56:11 --> Undefined variable $user
#0 C:\xampp\htdocs\SI-ASPIRASI\app\Models\Admin\PengaduanModel.php(35): CodeIgniter\Debug\Exceptions->errorHandler(2, 'Undefined varia...', 'C:\\xampp\\htdocs...', 35)
#1 C:\xampp\htdocs\SI-ASPIRASI\app\Controllers\Admin\Pengaduan.php(14): App\Models\Admin\PengaduanModel->__construct()
#2 C:\xampp\htdocs\SI-ASPIRASI\vendor\codeigniter4\framework\system\CodeIgniter.php(903): App\Controllers\admin\Pengaduan->__construct()
#3 C:\xampp\htdocs\SI-ASPIRASI\vendor\codeigniter4\framework\system\CodeIgniter.php(429): CodeIgniter\CodeIgniter->createController()
#4 C:\xampp\htdocs\SI-ASPIRASI\vendor\codeigniter4\framework\system\CodeIgniter.php(339): CodeIgniter\CodeIgniter->handleRequest(NULL, Object(Config\Cache), false)
#5 C:\xampp\htdocs\SI-ASPIRASI\public\index.php(44): CodeIgniter\CodeIgniter->run()
#6 C:\xampp\htdocs\SI-ASPIRASI\vendor\codeigniter4\framework\system\Commands\Server\rewrite.php(45): require_once('C:\\xampp\\htdocs...')
#7 {main}
